0 info it worked if it ends with ok
1 verbose cli [ '/usr/local/bin/node', '/usr/local/bin/npm', 'publish' ]
2 info using npm@2.15.8
3 info using node@v4.4.7
4 verbose publish [ '.' ]
5 silly cache add args [ '.', null ]
6 verbose cache add spec .
7 silly cache add parsed spec Result {
7 silly cache add   raw: '.',
7 silly cache add   scope: null,
7 silly cache add   name: null,
7 silly cache add   rawSpec: '.',
7 silly cache add   spec: '/Users/aziz/WebstormProjects/test-npm-package',
7 silly cache add   type: 'directory' }
8 verbose addLocalDirectory /Users/aziz/.npm/npm-git/1.0.0/package.tgz not in flight; packing
9 verbose correctMkdir /Users/aziz/.npm correctMkdir not in flight; initializing
10 verbose tar pack [ '/Users/aziz/.npm/npm-git/1.0.0/package.tgz',
10 verbose tar pack   '/Users/aziz/WebstormProjects/test-npm-package' ]
11 verbose tarball /Users/aziz/.npm/npm-git/1.0.0/package.tgz
12 verbose folder /Users/aziz/WebstormProjects/test-npm-package
13 info prepublish npm-git@1.0.0
14 verbose addLocalTarball adding from inside cache /Users/aziz/.npm/npm-git/1.0.0/package.tgz
15 verbose correctMkdir /Users/aziz/.npm correctMkdir not in flight; initializing
16 silly cache afterAdd npm-git@1.0.0
17 verbose afterAdd /Users/aziz/.npm/npm-git/1.0.0/package/package.json not in flight; writing
18 verbose correctMkdir /Users/aziz/.npm correctMkdir not in flight; initializing
19 verbose afterAdd /Users/aziz/.npm/npm-git/1.0.0/package/package.json written
20 silly publish { name: 'npm-git',
20 silly publish   version: '1.0.0',
20 silly publish   description: 'tst npm',
20 silly publish   main: 'main.js',
20 silly publish   scripts: { test: 'echo "Error: no test specified" && exit 1' },
20 silly publish   repository: { type: 'git', url: 'git+https://github.com/daaif/npm-git.git' },
20 silly publish   keywords: [ 'npm' ],
20 silly publish   author: { name: 'Aziz Daaif' },
20 silly publish   license: 'ISC',
20 silly publish   gitHead: '5a467e487384512dd88fa394ac419b10779b8491',
20 silly publish   bugs: { url: 'https://github.com/daaif/npm-git/issues' },
20 silly publish   readme: 'ERROR: No README data found!',
20 silly publish   homepage: 'https://github.com/daaif/npm-git#readme',
20 silly publish   _id: 'npm-git@1.0.0',
20 silly publish   _shasum: '7a2f49d1fe22e8600d715f2213dd81ff3fd7a53a',
20 silly publish   _from: '.' }
21 verbose getPublishConfig undefined
22 silly mapToRegistry name npm-git
23 silly mapToRegistry using default registry
24 silly mapToRegistry registry https://registry.npmjs.org/
25 silly mapToRegistry data Result {
25 silly mapToRegistry   raw: 'npm-git',
25 silly mapToRegistry   scope: null,
25 silly mapToRegistry   name: 'npm-git',
25 silly mapToRegistry   rawSpec: '',
25 silly mapToRegistry   spec: 'latest',
25 silly mapToRegistry   type: 'tag' }
26 silly mapToRegistry uri https://registry.npmjs.org/npm-git
27 verbose publish registryBase https://registry.npmjs.org/
28 silly publish uploading /Users/aziz/.npm/npm-git/1.0.0/package.tgz
29 verbose request uri https://registry.npmjs.org/npm-git
30 verbose request sending authorization for write operation
31 info attempt registry request try #1 at 4:37:45 PM
32 verbose request using bearer token for auth
33 verbose request id dcd06cb2c462f453
34 http request PUT https://registry.npmjs.org/npm-git
35 http 403 https://registry.npmjs.org/npm-git
36 verbose headers { 'content-type': 'application/json',
36 verbose headers   'cache-control': 'max-age=300',
36 verbose headers   'content-length': '101',
36 verbose headers   'accept-ranges': 'bytes',
36 verbose headers   date: 'Fri, 09 Dec 2016 16:31:22 GMT',
36 verbose headers   via: '1.1 varnish',
36 verbose headers   connection: 'keep-alive',
36 verbose headers   'x-served-by': 'cache-hhn1529-HHN',
36 verbose headers   'x-cache': 'MISS',
36 verbose headers   'x-cache-hits': '0',
36 verbose headers   'x-timer': 'S1481301082.296763,VS0,VE668',
36 verbose headers   vary: 'Accept-Encoding' }
37 verbose request invalidating /Users/aziz/.npm/registry.npmjs.org/npm-git on PUT
38 error publish Failed PUT 403
39 verbose stack Error: you do not have permission to publish "npm-git". Are you logged in as the correct user? : npm-git
39 verbose stack     at makeError (/usr/local/lib/node_modules/npm/node_modules/npm-registry-client/lib/request.js:264:12)
39 verbose stack     at CachingRegistryClient.<anonymous> (/usr/local/lib/node_modules/npm/node_modules/npm-registry-client/lib/request.js:252:14)
39 verbose stack     at Request._callback (/usr/local/lib/node_modules/npm/node_modules/npm-registry-client/lib/request.js:172:14)
39 verbose stack     at Request.self.callback (/usr/local/lib/node_modules/npm/node_modules/request/request.js:200:22)
39 verbose stack     at emitTwo (events.js:87:13)
39 verbose stack     at Request.emit (events.js:172:7)
39 verbose stack     at Request.<anonymous> (/usr/local/lib/node_modules/npm/node_modules/request/request.js:1067:10)
39 verbose stack     at emitOne (events.js:82:20)
39 verbose stack     at Request.emit (events.js:169:7)
39 verbose stack     at IncomingMessage.<anonymous> (/usr/local/lib/node_modules/npm/node_modules/request/request.js:988:12)
40 verbose statusCode 403
41 verbose pkgid npm-git
42 verbose cwd /Users/aziz/WebstormProjects/test-npm-package
43 error Darwin 14.5.0
44 error argv "/usr/local/bin/node" "/usr/local/bin/npm" "publish"
45 error node v4.4.7
46 error npm  v2.15.8
47 error code E403
48 error you do not have permission to publish "npm-git". Are you logged in as the correct user? : npm-git
49 error If you need help, you may report this error at:
49 error     <https://github.com/npm/npm/issues>
50 verbose exit [ 1, true ]
